\BOOKMARK [1][-]{section.1}{Introduction}{}% 1
\BOOKMARK [1][-]{section.2}{The Challenges of Measuring Linguistic Sophistication}{}% 2
\BOOKMARK [2][-]{subsection.2.1}{The `Out-of-Domain' Prediction Problem}{section.2}% 3
\BOOKMARK [2][-]{subsection.2.2}{Other Problems}{section.2}% 4
\BOOKMARK [2][-]{subsection.2.3}{Qualities of a Better Approach}{section.2}% 5
\BOOKMARK [1][-]{section.3}{Methods: Crowdsourcing Complexity}{}% 6
\BOOKMARK [2][-]{subsection.3.1}{Preparing the Snippets: Gold Standards and Crowdflower}{section.3}% 7
\BOOKMARK [2][-]{subsection.3.2}{Incorporating Familiarity: Google n-grams and parts of speech}{section.3}% 8
\BOOKMARK [2][-]{subsection.3.3}{Bradley-Terry Regression Analysis}{section.3}% 9
\BOOKMARK [3][-]{subsubsection.3.3.1}{Variable Selection via Machine Learning}{subsection.3.3}% 10
\BOOKMARK [2][-]{subsection.3.4}{A ``Bag-of-Snippets'' Approach}{section.3}% 11
\BOOKMARK [1][-]{section.4}{Results}{}% 12
\BOOKMARK [2][-]{subsection.4.1}{Comparing the Standard Measures}{section.4}% 13
\BOOKMARK [2][-]{subsection.4.2}{Augmented Bradley Terry Approach}{section.4}% 14
\BOOKMARK [1][-]{section.5}{Applications: snippets, State of the Union and Hansard}{}% 15
\BOOKMARK [2][-]{subsection.5.1}{The Original Snippet Dataset}{section.5}% 16
\BOOKMARK [2][-]{subsection.5.2}{Reanalyzing the State of the Union addresses}{section.5}% 17
\BOOKMARK [2][-]{subsection.5.3}{Hansard, 1935\2052013}{section.5}% 18
\BOOKMARK [1][-]{section.6}{Discussion}{}% 19
\BOOKMARK [1][-]{appendix.A}{Random Forest Variable Importance Plots }{}% 20
